# JRE version: OpenJDK Runtime Environment Temurin-17+35 (17.0+35) (build 17+35)
# Java VM: OpenJDK 64-Bit Server VM Temurin-17+35 (17+35, mixed mode, emulated-client, tiered, compressed oops, compressed class ptrs, g1 gc, windows-amd64)
GC Precious Log:
 CPUs: 8 total, 8 available
 Memory: 8025M
 Large Page Support: Disabled
 NUMA Support: Disabled
 Compressed Oops: Enabled (32-bit)
 Heap Region Size: 1M
 Heap Min Capacity: 8M
 Heap Initial Capacity: 126M
 Heap Max Capacity: 2008M
 Pre-touch: Disabled
 Parallel Workers: 8
 Concurrent Workers: 2
 Concurrent Refinement Workers: 8
 Periodic GC: Disabled
Heap:
 garbage-first heap   total 81920K, used 44675K [0x0000000082800000, 0x0000000100000000)
  region size 1024K, 22 young (22528K), 4 survivors (4096K)
 Metaspace       used 71191K, committed 71680K, reserved 1114112K
  class space    used 9452K, committed 9664K, reserved 1048576K
GC Heap History (20 events):
Event: 2.691 GC heap before
{Heap before GC invocations=15 (full 0):
 garbage-first heap   total 58368K, used 45791K [0x0000000082800000, 0x0000000100000000)
  region size 1024K, 30 young (30720K), 1 survivors (1024K)
 Metaspace       used 39131K, committed 39424K, reserved 1089536K
  class space    used 4923K, committed 5056K, reserved 1048576K
}
Event: 2.692 GC heap after
{Heap after GC invocations=16 (full 0):
 garbage-first heap   total 116736K, used 16497K [0x0000000082800000, 0x0000000100000000)
  region size 1024K, 1 young (1024K), 1 survivors (1024K)
 Metaspace       used 39131K, committed 39424K, reserved 1089536K
  class space    used 4923K, committed 5056K, reserved 1048576K
}
Event: 2.860 GC heap before
{Heap before GC invocations=16 (full 0):
 garbage-first heap   total 116736K, used 84081K [0x0000000082800000, 0x0000000100000000)
  region size 1024K, 68 young (69632K), 1 survivors (1024K)
 Metaspace       used 40154K, committed 40448K, reserved 1089536K
  class space    used 5046K, committed 5184K, reserved 1048576K
}
Event: 2.861 GC heap after
{Heap after GC invocations=17 (full 0):
 garbage-first heap   total 116736K, used 16758K [0x0000000082800000, 0x0000000100000000)
  region size 1024K, 1 young (1024K), 1 survivors (1024K)
 Metaspace       used 40154K, committed 40448K, reserved 1089536K
  class space    used 5046K, committed 5184K, reserved 1048576K
}
Event: 3.352 GC heap before
{Heap before GC invocations=17 (full 0):
 garbage-first heap   total 116736K, used 84342K [0x0000000082800000, 0x0000000100000000)
  region size 1024K, 68 young (69632K), 1 survivors (1024K)
 Metaspace       used 46528K, committed 46912K, reserved 1097728K
  class space    used 6036K, committed 6208K, reserved 1048576K
}
Event: 3.354 GC heap after
{Heap after GC invocations=18 (full 0):
 garbage-first heap   total 116736K, used 18448K [0x0000000082800000, 0x0000000100000000)
  region size 1024K, 3 young (3072K), 3 survivors (3072K)
 Metaspace       used 46528K, committed 46912K, reserved 1097728K
  class space    used 6036K, committed 6208K, reserved 1048576K
}
Event: 3.950 GC heap before
{Heap before GC invocations=18 (full 0):
 garbage-first heap   total 116736K, used 85008K [0x0000000082800000, 0x0000000100000000)
  region size 1024K, 68 young (69632K), 3 survivors (3072K)
 Metaspace       used 54477K, committed 54848K, reserved 1097728K
  class space    used 7066K, committed 7232K, reserved 1048576K
}
Event: 3.954 GC heap after
{Heap after GC invocations=19 (full 0):
 garbage-first heap   total 116736K, used 20977K [0x0000000082800000, 0x0000000100000000)
  region size 1024K, 5 young (5120K), 5 survivors (5120K)
 Metaspace       used 54477K, committed 54848K, reserved 1097728K
  class space    used 7066K, committed 7232K, reserved 1048576K
}
Event: 4.485 GC heap before
{Heap before GC invocations=19 (full 0):
 garbage-first heap   total 116736K, used 85489K [0x0000000082800000, 0x0000000100000000)
  region size 1024K, 68 young (69632K), 5 survivors (5120K)
 Metaspace       used 59847K, committed 60224K, reserved 1105920K
  class space    used 7921K, committed 8128K, reserved 1048576K
}
Event: 4.489 GC heap after
{Heap after GC invocations=20 (full 0):
 garbage-first heap   total 116736K, used 22188K [0x0000000082800000, 0x0000000100000000)
  region size 1024K, 6 young (6144K), 6 survivors (6144K)
 Metaspace       used 59847K, committed 60224K, reserved 1105920K
  class space    used 7921K, committed 8128K, reserved 1048576K
}
Event: 4.506 GC heap before
{Heap before GC invocations=20 (full 0):
 garbage-first heap   total 116736K, used 23212K [0x0000000082800000, 0x0000000100000000)
  region size 1024K, 8 young (8192K), 6 survivors (6144K)
 Metaspace       used 60063K, committed 60416K, reserved 1105920K
  class space    used 7943K, committed 8128K, reserved 1048576K
}
Event: 4.511 GC heap after
{Heap after GC invocations=21 (full 0):
 garbage-first heap   total 116736K, used 22296K [0x0000000082800000, 0x0000000100000000)
  region size 1024K, 4 young (4096K), 4 survivors (4096K)
 Metaspace       used 60063K, committed 60416K, reserved 1105920K
  class space    used 7943K, committed 8128K, reserved 1048576K
}
Event: 4.984 GC heap before
{Heap before GC invocations=22 (full 0):
 garbage-first heap   total 81920K, used 67352K [0x0000000082800000, 0x0000000100000000)
  region size 1024K, 48 young (49152K), 4 survivors (4096K)
 Metaspace       used 63469K, committed 63872K, reserved 1105920K
  class space    used 8442K, committed 8640K, reserved 1048576K
}
Event: 4.989 GC heap after
{Heap after GC invocations=23 (full 0):
 garbage-first heap   total 81920K, used 24066K [0x0000000082800000, 0x0000000100000000)
  region size 1024K, 4 young (4096K), 4 survivors (4096K)
 Metaspace       used 63469K, committed 63872K, reserved 1105920K
  class space    used 8442K, committed 8640K, reserved 1048576K
}
Event: 5.000 GC heap before
{Heap before GC invocations=23 (full 0):
 garbage-first heap   total 81920K, used 25090K [0x0000000082800000, 0x0000000100000000)
  region size 1024K, 5 young (5120K), 4 survivors (4096K)
 Metaspace       used 63542K, committed 63936K, reserved 1105920K
  class space    used 8453K, committed 8640K, reserved 1048576K
}
Event: 5.004 GC heap after
{Heap after GC invocations=24 (full 0):
 garbage-first heap   total 81920K, used 24353K [0x0000000082800000, 0x0000000100000000)
  region size 1024K, 1 young (1024K), 1 survivors (1024K)
 Metaspace       used 63542K, committed 63936K, reserved 1105920K
  class space    used 8453K, committed 8640K, reserved 1048576K
}
Event: 6.359 GC heap before
{Heap before GC invocations=24 (full 0):
 garbage-first heap   total 81920K, used 68385K [0x0000000082800000, 0x0000000100000000)
  region size 1024K, 44 young (45056K), 1 survivors (1024K)
 Metaspace       used 66424K, committed 66880K, reserved 1114112K
  class space    used 8869K, committed 9088K, reserved 1048576K
}
Event: 6.362 GC heap after
{Heap after GC invocations=25 (full 0):
 garbage-first heap   total 81920K, used 26359K [0x0000000082800000, 0x0000000100000000)
  region size 1024K, 3 young (3072K), 3 survivors (3072K)
 Metaspace       used 66424K, committed 66880K, reserved 1114112K
  class space    used 8869K, committed 9088K, reserved 1048576K
}
Event: 28.801 GC heap before
{Heap before GC invocations=25 (full 0):
 garbage-first heap   total 81920K, used 66295K [0x0000000082800000, 0x0000000100000000)
  region size 1024K, 43 young (44032K), 3 survivors (3072K)
 Metaspace       used 70545K, committed 70912K, reserved 1114112K
  class space    used 9369K, committed 9536K, reserved 1048576K
}
Event: 28.804 GC heap after
{Heap after GC invocations=26 (full 0):
 garbage-first heap   total 81920K, used 27267K [0x0000000082800000, 0x0000000100000000)
  region size 1024K, 4 young (4096K), 4 survivors (4096K)
 Metaspace       used 70545K, committed 70912K, reserved 1114112K
  class space    used 9369K, committed 9536K, reserved 1048576K
}

